Arguments: 
  /usr/bin/node /usr/bin/yarn add bcrytp

PATH: 
  /home/varlson/.cabal/bin:/home/varlson/.ghcup/bin:/home/varlson/.local/bin:/usr/local/sbin:/usr/local/bin:/usr/sbin:/usr/bin:/sbin:/bin:/usr/games:/usr/local/games:/snap/bin:/home/varlson/Android/Sdk/emulator:/home/varlson/Android/Sdk/tools:/home/varlson/Android/Sdk/tools/bin:/home/varlson/Android/Sdk/platform-tools:/home/varlson/android-studio/bin

Yarn version: 
  1.22.19

Node version: 
  18.16.0

Platform: 
  linux x64

Trace: 
  Error: https://registry.yarnpkg.com/bcrytp: Not found
      at params.callback [as _callback] (/usr/lib/node_modules/yarn/lib/cli.js:66145:18)
      at self.callback (/usr/lib/node_modules/yarn/lib/cli.js:140890:22)
      at Request.emit (node:events:513:28)
      at Request.<anonymous> (/usr/lib/node_modules/yarn/lib/cli.js:141862:10)
      at Request.emit (node:events:513:28)
      at IncomingMessage.<anonymous> (/usr/lib/node_modules/yarn/lib/cli.js:141784:12)
      at Object.onceWrapper (node:events:627:28)
      at IncomingMessage.emit (node:events:525:35)
      at endReadableNT (node:internal/streams/readable:1359:12)
      at process.processTicksAndRejections (node:internal/process/task_queues:82:21)

npm manifest: 
  {
    "name": "server",
    "version": "1.0.0",
    "description": "",
    "main": "index.js",
    "scripts": {
      "start:ts": "tsc -w",
      "start:js": "nodemon build/app.ts",
      "start": "concurrently npm:start:*"
    },
    "keywords": [],
    "author": "",
    "license": "ISC",
    "devDependencies": {
      "@types/express": "^4.17.17",
      "@types/node": "^20.1.0",
      "typescript": "^5.0.4"
    },
    "dependencies": {
      "concurrently": "^8.0.1",
      "express": "^4.18.2"
    }
  }

yarn manifest: 
  No manifest

Lockfile: 
  No lockfile
